#
# There is insufficient memory for the Java Runtime Environment to continue.
# Native memory allocation (malloc) failed to allocate 1911376 bytes. Error detail: Chunk::new
# Possible reasons:
#   The system is out of physical RAM or swap space
#   This process is running with CompressedOops enabled, and the Java Heap may be blocking the growth of the native heap
# Possible solutions:
#   Reduce memory load on the system
#   Increase physical memory or swap space
#   Check if swap backing store is full
#   Decrease Java heap size (-Xmx/-Xms)
#   Decrease number of Java threads
#   Decrease Java thread stack sizes (-Xss)
#   Set larger code cache with -XX:ReservedCodeCacheSize=
#   JVM is running with Unscaled Compressed Oops mode in which the Java heap is
#     placed in the first 4GB address space. The Java Heap base address is the
#     maximum limit for the native heap growth. Please use -XX:HeapBaseMinAddress
#     to set the Java Heap base and to place the Java Heap above 4GB virtual address.
# This output file may be truncated or incomplete.
#
#  Out of Memory Error (arena.cpp:168), pid=2856, tid=3880
#
# JRE version: OpenJDK Runtime Environment Temurin-21.0.7+6 (21.0.7+6) (build 21.0.7+6-LTS)
# Java VM: OpenJDK 64-Bit Server VM Temurin-21.0.7+6 (21.0.7+6-LTS, mixed mode, sharing, tiered, compressed oops, compressed class ptrs, parallel gc, windows-amd64)
# No core dump will be written. Minidumps are not enabled by default on client versions of Windows
#

---------------  S U M M A R Y ------------

Command Line: --add-modules=ALL-SYSTEM --add-opens=java.base/java.util=ALL-UNNAMED --add-opens=java.base/java.lang=ALL-UNNAMED --add-opens=java.base/sun.nio.fs=ALL-UNNAMED -Declipse.application=org.eclipse.jdt.ls.core.id1 -Dosgi.bundles.defaultStartLevel=4 -Declipse.product=org.eclipse.jdt.ls.core.product -Djava.import.generatesMetadataFilesAtProjectRoot=false -DDetectVMInstallationsJob.disabled=true -Dfile.encoding=utf8 -XX:+UseParallelGC -XX:GCTimeRatio=4 -XX:AdaptiveSizePolicyWeight=90 -Dsun.zip.disableMemoryMapping=true -Xmx2G -Xms100m -Xlog:disable -javaagent:c:\Users\dubey\.vscode\extensions\redhat.java-1.43.1-win32-x64\lombok\lombok-1.18.39-4050.jar -XX:+HeapDumpOnOutOfMemoryError -XX:HeapDumpPath=c:\Users\dubey\AppData\Roaming\Code\User\workspaceStorage\8af3faa89c0b57f106c2e0ae3751d5a6\redhat.java -Daether.dependencyCollector.impl=bf c:\Users\dubey\.vscode\extensions\redhat.java-1.43.1-win32-x64\server\plugins\org.eclipse.equinox.launcher_1.7.0.v20250519-0528.jar -configuration c:\Users\dubey\AppData\Roaming\Code\User\globalStorage\redhat.java\1.43.1\config_win -data c:\Users\dubey\AppData\Roaming\Code\User\workspaceStorage\8af3faa89c0b57f106c2e0ae3751d5a6\redhat.java\jdt_ws --pipe=\\.\pipe\lsp-be26518670a2f60bb464b7f272021724-sock

Host: 12th Gen Intel(R) Core(TM) i5-1235U, 12 cores, 7G,  Windows 11 , 64 bit Build 26100 (10.0.26100.4484)
Time: Sun Jul 13 00:20:44 2025 India Standard Time elapsed time: 34.918216 seconds (0d 0h 0m 34s)

---------------  T H R E A D  ---------------

Current thread (0x0000028a9435e600):  JavaThread "C2 CompilerThread0" daemon [_thread_in_native, id=3880, stack(0x000000bd4f900000,0x000000bd4fa00000) (1024K)]


Current CompileTask:
C2:34918 11538   !   4       org.eclipse.jdt.internal.core.util.DeduplicationUtil::intern (149 bytes)

Stack: [0x000000bd4f900000,0x000000bd4fa00000]
Native frames: (J=compiled Java code, j=interpreted, Vv=VM code, C=native code)
V  [jvm.dll+0x6ce119]
V  [jvm.dll+0x8a84a1]
V  [jvm.dll+0x8aa9ce]
V  [jvm.dll+0x8ab0b3]
V  [jvm.dll+0x27f8a6]
V  [jvm.dll+0xc507d]
V  [jvm.dll+0xc55b3]
V  [jvm.dll+0x3b692c]
V  [jvm.dll+0x382aa5]
V  [jvm.dll+0x381f0a]
V  [jvm.dll+0x247af0]
V  [jvm.dll+0x2470cf]
V  [jvm.dll+0x1c760e]
V  [jvm.dll+0x25695a]
V  [jvm.dll+0x254efa]
V  [jvm.dll+0x3f03f6]
V  [jvm.dll+0x851f6b]
V  [jvm.dll+0x6cc7dd]
C  [ucrtbase.dll+0x37b0]
C  [KERNEL32.DLL+0x2e8d7]
C  [ntdll.dll+0x3c34c]


---------------  P R O C E S S  ---------------

Threads class SMR info:
_java_thread_list=0x0000028af68aa240, length=90, elements={
0x0000028a91e2bf70, 0x0000028a9424e730, 0x0000028a9433f880, 0x0000028a94345f10,
0x0000028a94348d00, 0x0000028a94346c30, 0x0000028a94347fe0, 0x0000028a9435e600,
0x0000028aed048d40, 0x0000028a94348670, 0x0000028a943472c0, 0x0000028a94347950,
0x0000028a94345880, 0x0000028af2a9f1f0, 0x0000028af2a9ff10, 0x0000028af2aa1950,
0x0000028af2aa05a0, 0x0000028af2aa0c30, 0x0000028af2aa2670, 0x0000028af2aa12c0,
0x0000028af2a9f880, 0x0000028af2aa6810, 0x0000028af2aa5460, 0x0000028af2aa6180,
0x0000028af2aa40b0, 0x0000028af2aa5af0, 0x0000028af2aa4740, 0x0000028af2aa4dd0,
0x0000028af2aa3390, 0x0000028af2aa3a20, 0x0000028af6bbf1d0, 0x0000028af6bbd100,
0x0000028af6bbf860, 0x0000028af6bbd790, 0x0000028af6bbc3e0, 0x0000028af6bbfef0,
0x0000028af6bbde20, 0x0000028af6bbe4b0, 0x0000028af6bbeb40, 0x0000028af6bbca70,
0x0000028af6bc1fc0, 0x0000028af6bc2650, 0x0000028af6bc3370, 0x0000028af6bc1930,
0x0000028af6613ea0, 0x0000028af6612af0, 0x0000028af6613180, 0x0000028af6613810,
0x0000028af66158e0, 0x0000028af6615250, 0x0000028af6615f70, 0x0000028af6614530,
0x0000028af6614bc0, 0x0000028af6d75c40, 0x0000028af6d76960, 0x0000028af6d762d0,
0x0000028af6d734e0, 0x0000028af6d76ff0, 0x0000028af6d73b70, 0x0000028af6d77680,
0x0000028af6d74200, 0x0000028af6d74f20, 0x0000028af6d755b0, 0x0000028af6d77d10,
0x0000028af6d74890, 0x0000028af6d783a0, 0x0000028af6d7ab00, 0x0000028af6d7a470,
0x0000028af6d78a30, 0x0000028af6d79750, 0x0000028af6d79de0, 0x0000028af2aa2d00,
0x0000028af449fc80, 0x0000028af44a0310, 0x0000028af44a09a0, 0x0000028af44a1030,
0x0000028af44a16c0, 0x0000028af449ef60, 0x0000028af44a2a70, 0x0000028af449f5f0,
0x0000028aed233600, 0x0000028af44a3100, 0x0000028af44a51d0, 0x0000028af44a5ef0,
0x0000028af44a3790, 0x0000028af44a3e20, 0x0000028af44a5860, 0x0000028af44a44b0,
0x0000028af44a4b40, 0x0000028af44a6580
}

Java Threads: ( => current thread )
  0x0000028a91e2bf70 JavaThread "main"                              [_thread_blocked, id=19252, stack(0x000000bd4ef00000,0x000000bd4f000000) (1024K)]
  0x0000028a9424e730 JavaThread "Reference Handler"          daemon [_thread_blocked, id=12644, stack(0x000000bd4f300000,0x000000bd4f400000) (1024K)]
  0x0000028a9433f880 JavaThread "Finalizer"                  daemon [_thread_blocked, id=17416, stack(0x000000bd4f400000,0x000000bd4f500000) (1024K)]
  0x0000028a94345f10 JavaThread "Signal Dispatcher"          daemon [_thread_blocked, id=13532, stack(0x000000bd4f500000,0x000000bd4f600000) (1024K)]
  0x0000028a94348d00 JavaThread "Attach Listener"            daemon [_thread_blocked, id=7240, stack(0x000000bd4f600000,0x000000bd4f700000) (1024K)]
  0x0000028a94346c30 JavaThread "Service Thread"             daemon [_thread_blocked, id=17024, stack(0x000000bd4f700000,0x000000bd4f800000) (1024K)]
  0x0000028a94347fe0 JavaThread "Monitor Deflation Thread"   daemon [_thread_blocked, id=14540, stack(0x000000bd4f800000,0x000000bd4f900000) (1024K)]
=>0x0000028a9435e600 JavaThread "C2 CompilerThread0"         daemon [_thread_in_native, id=3880, stack(0x000000bd4f900000,0x000000bd4fa00000) (1024K)]
  0x0000028aed048d40 JavaThread "C1 CompilerThread0"         daemon [_thread_blocked, id=3516, stack(0x000000bd4fa00000,0x000000bd4fb00000) (1024K)]
  0x0000028a94348670 JavaThread "Common-Cleaner"             daemon [_thread_blocked, id=16356, stack(0x000000bd4fb00000,0x000000bd4fc00000) (1024K)]
  0x0000028a943472c0 JavaThread "Notification Thread"        daemon [_thread_blocked, id=20064, stack(0x000000bd4fd00000,0x000000bd4fe00000) (1024K)]
  0x0000028a94347950 JavaThread "Active Thread: Equinox Container: acfe5a47-3916-4b93-b91c-1ee0173ed383"        [_thread_blocked, id=6940, stack(0x000000bd50500000,0x000000bd50600000) (1024K)]
  0x0000028a94345880 JavaThread "Refresh Thread: Equinox Container: acfe5a47-3916-4b93-b91c-1ee0173ed383" daemon [_thread_blocked, id=1640, stack(0x000000bd50700000,0x000000bd50800000) (1024K)]
  0x0000028af2a9f1f0 JavaThread "Framework Event Dispatcher: Equinox Container: acfe5a47-3916-4b93-b91c-1ee0173ed383" daemon [_thread_blocked, id=12500, stack(0x000000bd50800000,0x000000bd50900000) (1024K)]
  0x0000028af2a9ff10 JavaThread "Start Level: Equinox Container: acfe5a47-3916-4b93-b91c-1ee0173ed383" daemon [_thread_blocked, id=21288, stack(0x000000bd50900000,0x000000bd50a00000) (1024K)]
  0x0000028af2aa1950 JavaThread "Bundle File Closer"         daemon [_thread_blocked, id=20108, stack(0x000000bd50c00000,0x000000bd50d00000) (1024K)]
  0x0000028af2aa05a0 JavaThread "SCR Component Actor"        daemon [_thread_blocked, id=16492, stack(0x000000bd50d00000,0x000000bd50e00000) (1024K)]
  0x0000028af2aa0c30 JavaThread "Worker-JM"                         [_thread_blocked, id=5032, stack(0x000000bd50f00000,0x000000bd51000000) (1024K)]
  0x0000028af2aa2670 JavaThread "JNA Cleaner"                daemon [_thread_blocked, id=5392, stack(0x000000bd4fc00000,0x000000bd4fd00000) (1024K)]
  0x0000028af2aa12c0 JavaThread "Worker-0"                          [_thread_blocked, id=20544, stack(0x000000bd4fe00000,0x000000bd4ff00000) (1024K)]
  0x0000028af2a9f880 JavaThread "Worker-1: Send Classpath Notifications"        [_thread_blocked, id=9012, stack(0x000000bd51000000,0x000000bd51100000) (1024K)]
  0x0000028af2aa6810 JavaThread "Worker-2"                          [_thread_blocked, id=19748, stack(0x000000bd51300000,0x000000bd51400000) (1024K)]
  0x0000028af2aa5460 JavaThread "Java indexing"              daemon [_thread_blocked, id=11216, stack(0x000000bd51400000,0x000000bd51500000) (1024K)]
  0x0000028af2aa6180 JavaThread "Worker-3"                          [_thread_blocked, id=19956, stack(0x000000bd51500000,0x000000bd51600000) (1024K)]
  0x0000028af2aa40b0 JavaThread "Worker-4"                          [_thread_blocked, id=20256, stack(0x000000bd51600000,0x000000bd51700000) (1024K)]
  0x0000028af2aa5af0 JavaThread "Worker-5: Java indexing... "        [_thread_blocked, id=14748, stack(0x000000bd51900000,0x000000bd51a00000) (1024K)]
  0x0000028af2aa4740 JavaThread "Worker-6"                          [_thread_blocked, id=16308, stack(0x000000bd51a00000,0x000000bd51b00000) (1024K)]
  0x0000028af2aa4dd0 JavaThread "Thread-2"                   daemon [_thread_in_native, id=19664, stack(0x000000bd51b00000,0x000000bd51c00000) (1024K)]
  0x0000028af2aa3390 JavaThread "Thread-3"                   daemon [_thread_in_native, id=18024, stack(0x000000bd51c00000,0x000000bd51d00000) (1024K)]
  0x0000028af2aa3a20 JavaThread "Thread-4"                   daemon [_thread_in_native, id=21360, stack(0x000000bd51d00000,0x000000bd51e00000) (1024K)]
  0x0000028af6bbf1d0 JavaThread "Thread-5"                   daemon [_thread_in_native, id=18436, stack(0x000000bd51e00000,0x000000bd51f00000) (1024K)]
  0x0000028af6bbd100 JavaThread "Thread-6"                   daemon [_thread_in_native, id=10956, stack(0x000000bd51f00000,0x000000bd52000000) (1024K)]
  0x0000028af6bbf860 JavaThread "Thread-7"                   daemon [_thread_in_native, id=4496, stack(0x000000bd52000000,0x000000bd52100000) (1024K)]
  0x0000028af6bbd790 JavaThread "Thread-8"                   daemon [_thread_in_native, id=10184, stack(0x000000bd52100000,0x000000bd52200000) (1024K)]
  0x0000028af6bbc3e0 JavaThread "Thread-9"                   daemon [_thread_in_native, id=20592, stack(0x000000bd52200000,0x000000bd52300000) (1024K)]
  0x0000028af6bbfef0 JavaThread "Thread-10"                  daemon [_thread_in_native, id=18640, stack(0x000000bd52300000,0x000000bd52400000) (1024K)]
  0x0000028af6bbde20 JavaThread "Thread-11"                  daemon [_thread_in_native, id=8624, stack(0x000000bd52400000,0x000000bd52500000) (1024K)]
  0x0000028af6bbe4b0 JavaThread "Thread-12"                  daemon [_thread_in_native, id=15008, stack(0x000000bd52500000,0x000000bd52600000) (1024K)]
  0x0000028af6bbeb40 JavaThread "Thread-13"                  daemon [_thread_in_native, id=796, stack(0x000000bd52600000,0x000000bd52700000) (1024K)]
  0x0000028af6bbca70 JavaThread "Thread-14"                  daemon [_thread_in_native, id=12300, stack(0x000000bd52700000,0x000000bd52800000) (1024K)]
  0x0000028af6bc1fc0 JavaThread "pool-2-thread-1"                   [_thread_blocked, id=5444, stack(0x000000bd52800000,0x000000bd52900000) (1024K)]
  0x0000028af6bc2650 JavaThread "WorkspaceEventsHandler"            [_thread_blocked, id=13288, stack(0x000000bd52900000,0x000000bd52a00000) (1024K)]
  0x0000028af6bc3370 JavaThread "pool-1-thread-1"                   [_thread_blocked, id=16044, stack(0x000000bd52a00000,0x000000bd52b00000) (1024K)]
  0x0000028af6bc1930 JavaThread "Worker-7: Publish Diagnostics"        [_thread_blocked, id=17644, stack(0x000000bd52b00000,0x000000bd52c00000) (1024K)]
  0x0000028af6613ea0 JavaThread "LocalFile Deleter"          daemon [_thread_blocked, id=19848, stack(0x000000bd52c00000,0x000000bd52d00000) (1024K)]
  0x0000028af6612af0 JavaThread "LocalFile Deleter"          daemon [_thread_blocked, id=18988, stack(0x000000bd52d00000,0x000000bd52e00000) (1024K)]
  0x0000028af6613180 JavaThread "LocalFile Deleter"          daemon [_thread_blocked, id=14024, stack(0x000000bd52e00000,0x000000bd52f00000) (1024K)]
  0x0000028af6613810 JavaThread "LocalFile Deleter"          daemon [_thread_blocked, id=8420, stack(0x000000bd52f00000,0x000000bd53000000) (1024K)]
  0x0000028af66158e0 JavaThread "LocalFile Deleter"          daemon [_thread_blocked, id=19632, stack(0x000000bd53000000,0x000000bd53100000) (1024K)]
  0x0000028af6615250 JavaThread "LocalFile Deleter"          daemon [_thread_blocked, id=19944, stack(0x000000bd53100000,0x000000bd53200000) (1024K)]
  0x0000028af6615f70 JavaThread "LocalFile Deleter"          daemon [_thread_blocked, id=2084, stack(0x000000bd53200000,0x000000bd53300000) (1024K)]
  0x0000028af6614530 JavaThread "LocalFile Deleter"          daemon [_thread_blocked, id=3680, stack(0x000000bd53300000,0x000000bd53400000) (1024K)]
  0x0000028af6614bc0 JavaThread "LocalFile Deleter"          daemon [_thread_blocked, id=7104, stack(0x000000bd53400000,0x000000bd53500000) (1024K)]
  0x0000028af6d75c40 JavaThread "LocalFile Deleter"          daemon [_thread_blocked, id=12168, stack(0x000000bd53500000,0x000000bd53600000) (1024K)]
  0x0000028af6d76960 JavaThread "LocalFile Deleter"          daemon [_thread_blocked, id=17124, stack(0x000000bd53600000,0x000000bd53700000) (1024K)]
  0x0000028af6d762d0 JavaThread "LocalFile Deleter"          daemon [_thread_blocked, id=9668, stack(0x000000bd53700000,0x000000bd53800000) (1024K)]
  0x0000028af6d734e0 JavaThread "Compiler Source File Reader" daemon [_thread_blocked, id=6920, stack(0x000000bd53800000,0x000000bd53900000) (1024K)]
  0x0000028af6d76ff0 JavaThread "Compiler Source File Reader" daemon [_thread_blocked, id=10900, stack(0x000000bd53900000,0x000000bd53a00000) (1024K)]
  0x0000028af6d73b70 JavaThread "Compiler Source File Reader" daemon [_thread_blocked, id=3932, stack(0x000000bd53a00000,0x000000bd53b00000) (1024K)]
  0x0000028af6d77680 JavaThread "Compiler Source File Reader" daemon [_thread_blocked, id=5664, stack(0x000000bd53b00000,0x000000bd53c00000) (1024K)]
  0x0000028af6d74200 JavaThread "Compiler Source File Reader" daemon [_thread_blocked, id=10692, stack(0x000000bd53c00000,0x000000bd53d00000) (1024K)]
  0x0000028af6d74f20 JavaThread "Compiler Source File Reader" daemon [_thread_blocked, id=8240, stack(0x000000bd53d00000,0x000000bd53e00000) (1024K)]
  0x0000028af6d755b0 JavaThread "Compiler Source File Reader" daemon [_thread_blocked, id=18200, stack(0x000000bd53e00000,0x000000bd53f00000) (1024K)]
  0x0000028af6d77d10 JavaThread "Compiler Source File Reader" daemon [_thread_blocked, id=12216, stack(0x000000bd53f00000,0x000000bd54000000) (1024K)]
  0x0000028af6d74890 JavaThread "Compiler Source File Reader" daemon [_thread_blocked, id=9096, stack(0x000000bd54000000,0x000000bd54100000) (1024K)]
  0x0000028af6d783a0 JavaThread "Compiler Source File Reader" daemon [_thread_blocked, id=2016, stack(0x000000bd54100000,0x000000bd54200000) (1024K)]
  0x0000028af6d7ab00 JavaThread "Compiler Processing Task"   daemon [_thread_blocked, id=15964, stack(0x000000bd50e00000,0x000000bd50f00000) (1024K)]
  0x0000028af6d7a470 JavaThread "Compiler Class File Writer" daemon [_thread_blocked, id=21396, stack(0x000000bd54200000,0x000000bd54300000) (1024K)]
  0x0000028af6d78a30 JavaThread "Compiler Class File Writer" daemon [_thread_blocked, id=4860, stack(0x000000bd54300000,0x000000bd54400000) (1024K)]
  0x0000028af6d79750 JavaThread "Compiler Class File Writer" daemon [_thread_blocked, id=21344, stack(0x000000bd54400000,0x000000bd54500000) (1024K)]
  0x0000028af6d79de0 JavaThread "Compiler Class File Writer" daemon [_thread_blocked, id=11752, stack(0x000000bd54500000,0x000000bd54600000) (1024K)]
  0x0000028af2aa2d00 JavaThread "Compiler Class File Writer" daemon [_thread_blocked, id=1716, stack(0x000000bd54600000,0x000000bd54700000) (1024K)]
  0x0000028af449fc80 JavaThread "Compiler Class File Writer" daemon [_thread_blocked, id=7956, stack(0x000000bd54700000,0x000000bd54800000) (1024K)]
  0x0000028af44a0310 JavaThread "Compiler Class File Writer" daemon [_thread_blocked, id=8532, stack(0x000000bd54800000,0x000000bd54900000) (1024K)]
  0x0000028af44a09a0 JavaThread "Compiler Class File Writer" daemon [_thread_blocked, id=11296, stack(0x000000bd54900000,0x000000bd54a00000) (1024K)]
  0x0000028af44a1030 JavaThread "Compiler Class File Writer" daemon [_thread_blocked, id=21084, stack(0x000000bd54a00000,0x000000bd54b00000) (1024K)]
  0x0000028af44a16c0 JavaThread "Compiler Class File Writer" daemon [_thread_blocked, id=9316, stack(0x000000bd54b00000,0x000000bd54c00000) (1024K)]
  0x0000028af449ef60 JavaThread "ForkJoinPool.commonPool-worker-1" daemon [_thread_blocked, id=9108, stack(0x000000bd51100000,0x000000bd51200000) (1024K)]
  0x0000028af44a2a70 JavaThread "ForkJoinPool.commonPool-worker-2" daemon [_thread_blocked, id=19316, stack(0x000000bd51200000,0x000000bd51300000) (1024K)]
  0x0000028af449f5f0 JavaThread "ForkJoinPool.commonPool-worker-3" daemon [_thread_blocked, id=20500, stack(0x000000bd54c00000,0x000000bd54d00000) (1024K)]
  0x0000028aed233600 JavaThread "C2 CompilerThread1"         daemon [_thread_blocked, id=17692, stack(0x000000bd54d00000,0x000000bd54e00000) (1024K)]
  0x0000028af44a3100 JavaThread "ForkJoinPool.commonPool-worker-4" daemon [_thread_blocked, id=16920, stack(0x000000bd54e00000,0x000000bd54f00000) (1024K)]
  0x0000028af44a51d0 JavaThread "ForkJoinPool.commonPool-worker-5" daemon [_thread_blocked, id=5188, stack(0x000000bd54f00000,0x000000bd55000000) (1024K)]
  0x0000028af44a5ef0 JavaThread "ForkJoinPool.commonPool-worker-6" daemon [_thread_blocked, id=20168, stack(0x000000bd55000000,0x000000bd55100000) (1024K)]
  0x0000028af44a3790 JavaThread "ForkJoinPool.commonPool-worker-7" daemon [_thread_blocked, id=18236, stack(0x000000bd55100000,0x000000bd55200000) (1024K)]
  0x0000028af44a3e20 JavaThread "ForkJoinPool.commonPool-worker-8" daemon [_thread_blocked, id=7264, stack(0x000000bd55200000,0x000000bd55300000) (1024K)]
  0x0000028af44a5860 JavaThread "ForkJoinPool.commonPool-worker-9" daemon [_thread_blocked, id=1832, stack(0x000000bd55300000,0x000000bd55400000) (1024K)]
  0x0000028af44a44b0 JavaThread "ForkJoinPool.commonPool-worker-10" daemon [_thread_blocked, id=8236, stack(0x000000bd55400000,0x000000bd55500000) (1024K)]
  0x0000028af44a4b40 JavaThread "ForkJoinPool.commonPool-worker-11" daemon [_thread_blocked, id=2004, stack(0x000000bd55500000,0x000000bd55600000) (1024K)]
  0x0000028af44a6580 JavaThread "SCR Component Registry"     daemon [_thread_blocked, id=13692, stack(0x000000bd55600000,0x000000bd55700000) (1024K)]
Total: 90

Other Threads:
  0x0000028a94234ab0 VMThread "VM Thread"                           [id=15884, stack(0x000000bd4f200000,0x000000bd4f300000) (1024K)]
  0x0000028a9412ca00 WatcherThread "VM Periodic Task Thread"        [id=3996, stack(0x000000bd4f100000,0x000000bd4f200000) (1024K)]
  0x0000028a942c14c0 WorkerThread "GC Thread#0"                     [id=20584, stack(0x000000bd4f000000,0x000000bd4f100000) (1024K)]
  0x0000028af23cc940 WorkerThread "GC Thread#1"                     [id=12456, stack(0x000000bd4ff00000,0x000000bd50000000) (1024K)]
  0x0000028af275f7d0 WorkerThread "GC Thread#2"                     [id=10664, stack(0x000000bd50000000,0x000000bd50100000) (1024K)]
  0x0000028af275fb70 WorkerThread "GC Thread#3"                     [id=20468, stack(0x000000bd50100000,0x000000bd50200000) (1024K)]
  0x0000028af229f9f0 WorkerThread "GC Thread#4"                     [id=19476, stack(0x000000bd50200000,0x000000bd50300000) (1024K)]
  0x0000028af229fd90 WorkerThread "GC Thread#5"                     [id=15160, stack(0x000000bd50300000,0x000000bd50400000) (1024K)]
  0x0000028af22a0130 WorkerThread "GC Thread#6"                     [id=17152, stack(0x000000bd50400000,0x000000bd50500000) (1024K)]
  0x0000028af2738060 WorkerThread "GC Thread#7"                     [id=21364, stack(0x000000bd50600000,0x000000bd50700000) (1024K)]
  0x0000028af27366a0 WorkerThread "GC Thread#8"                     [id=3660, stack(0x000000bd50a00000,0x000000bd50b00000) (1024K)]
  0x0000028af2736300 WorkerThread "GC Thread#9"                     [id=14060, stack(0x000000bd50b00000,0x000000bd50c00000) (1024K)]
Total: 12

Threads with active compile tasks:
C2 CompilerThread0  34952 11538   !   4       org.eclipse.jdt.internal.core.util.DeduplicationUtil::intern (149 bytes)
C2 CompilerThread1  34952 11543  s!   4       org.eclipse.jdt.internal.core.index.DiskIndex::readCategoryTable (743 bytes)
Total: 2

VM state: at safepoint (normal execution)

VM Mutex/Monitor currently owned by a thread:  ([mutex/lock_event])
[0x00007ffec3f2e308] Threads_lock - owner thread: 0x0000028a94234ab0
[0x00007ffec3f2e408] Heap_lock - owner thread: 0x0000028af44a5ef0
[0x00007ffec3f2e888] PSOldGenExpand_lock - owner thread: 0x0000028af27366a0

Heap address: 0x0000000080000000, size: 2048 MB, Compressed Oops mode: 32-bit

CDS archive(s) mapped at: [0x0000028aab000000-0x0000028aabba0000-0x0000028aabba0000), size 12189696, SharedBaseAddress: 0x0000028aab000000, ArchiveRelocationMode: 1.
Compressed class space mapped at: 0x0000028aac000000-0x0000028aec000000, reserved size: 1073741824
Narrow klass base: 0x0000028aab000000, Narrow klass shift: 0, Narrow klass range: 0x100000000

GC Precious Log:
 CardTable entry size: 512
 CPUs: 12 total, 12 available
 Memory: 7863M
 Large Page Support: Disabled
 NUMA Support: Disabled
 Compressed Oops: Enabled (32-bit)
 Alignments: Space 512K, Generation 512K, Heap 2M
 Heap Min Capacity: 100M
 Heap Initial Capacity: 100M
 Heap Max Capacity: 2G
 Pre-touch: Disabled
 Parallel Workers: 10

Heap:
 PSYoungGen      total 15360K, used 15008K [0x00000000d5580000, 0x00000000d6680000, 0x0000000100000000)
  eden space 14336K, 100% used [0x00000000d5580000,0x00000000d6380000,0x00000000d6380000)
  from space 1024K, 65% used [0x00000000d6500000,0x00000000d65a8000,0x00000000d6600000)
  to   space 512K, 96% used [0x00000000d6600000,0x00000000d667afb0,0x00000000d6680000)
 ParOldGen       total 712704K, used 712699K [0x0000000080000000, 0x00000000ab800000, 0x00000000d5580000)
  object space 712704K, 99% used [0x0000000080000000,0x00000000ab7fef48,0x00000000ab800000)
 Metaspace       used 64819K, committed 66432K, reserved 1114112K
  class space    used 6735K, committed 7424K, reserved 1048576K

Card table byte_map: [0x0000028a93c40000,0x0000028a94050000] _byte_map_base: 0x0000028a93840000

Marking Bits: (ParMarkBitMap*) 0x00007ffec3f331f0
 Begin Bits: [0x0000028aa6740000, 0x0000028aa8740000)
 End Bits:   [0x0000028aa8740000, 0x0000028aaa740000)

Polling page: 0x0000028a92090000

Metaspace:

Usage:
  Non-class:     56.72 MB used.
      Class:      6.58 MB used.
       Both:     63.30 MB used.

Virtual space:
  Non-class space:       64.00 MB reserved,      57.62 MB ( 90%) committed,  1 nodes.
      Class space:        1.00 GB reserved,       7.25 MB ( <1%) committed,  1 nodes.
             Both:        1.06 GB reserved,      64.88 MB (  6%) committed. 

Chunk freelists:
   Non-Class:  6.28 MB
       Class:  8.66 MB
        Both:  14.94 MB

MaxMetaspaceSize: unlimited
CompressedClassSpaceSize: 1.00 GB
Initial GC threshold: 21.00 MB
Current GC threshold: 97.31 MB
CDS: on
 - commit_granule_bytes: 65536.
 - commit_granule_words: 8192.
 - virtual_space_node_default_size: 8388608.
 - enlarge_chunks_in_place: 1.
 - use_allocation_guard: 0.


Internal statistics:

num_allocs_failed_limit: 9.
num_arena_births: 1288.
num_arena_deaths: 22.
num_vsnodes_births: 2.
num_vsnodes_deaths: 0.
num_space_committed: 1038.
num_space_uncommitted: 0.
num_chunks_returned_to_freelist: 35.
num_chunks_taken_from_freelist: 4504.
num_chunk_merges: 15.
num_chunk_splits: 2678.
num_chunks_enlarged: 1367.
num_inconsistent_stats: 0.

CodeHeap 'non-profiled nmethods': size=120000Kb used=8107Kb max_used=8107Kb free=111892Kb
 bounds [0x0000028a9ef60000, 0x0000028a9f750000, 0x0000028aa6490000]
CodeHeap 'profiled nmethods': size=120000Kb used=24113Kb max_used=24113Kb free=95886Kb
 bounds [0x0000028a97490000, 0x0000028a98c20000, 0x0000028a9e9c0000]
CodeHeap 'non-nmethods': size=5760Kb used=1453Kb max_used=1491Kb free=4306Kb
 bounds [0x0000028a9e9c0000, 0x0000028a9ec30000, 0x0000028a9ef60000]
 total_blobs=11699 nmethods=10927 adapters=678
 compilation: enabled
              stopped_count=0, restarted_count=0
 full_count=0

Compilation events (20 events):
Event: 32.862 Thread 0x0000028aed048d40 11801       2       org.eclipse.osgi.container.ModuleDatabase$Persistence::writeWiring (453 bytes)
Event: 32.868 Thread 0x0000028aed048d40 nmethod 11801 0x0000028a98c15f10 code [0x0000028a98c164c0, 0x0000028a98c17ff8]
Event: 32.871 Thread 0x0000028aed048d40 11802       2       org.eclipse.osgi.container.ModuleWiring::getPersistentWires (99 bytes)
Event: 32.871 Thread 0x0000028aed048d40 nmethod 11802 0x0000028a98c19390 code [0x0000028a98c195a0, 0x0000028a98c19a08]
Event: 32.872 Thread 0x0000028aed048d40 11800       2       org.eclipse.osgi.container.ModuleWiring::getPersistentRequiredWires (9 bytes)
Event: 32.872 Thread 0x0000028aed048d40 nmethod 11800 0x0000028a98c19d10 code [0x0000028a98c19ec0, 0x0000028a98c19fe8]
Event: 32.872 Thread 0x0000028aed048d40 11803       1       java.util.ImmutableCollections$Map1::size (2 bytes)
Event: 32.872 Thread 0x0000028aed048d40 nmethod 11803 0x0000028a9f748110 code [0x0000028a9f7482a0, 0x0000028a9f748368]
Event: 33.883 Thread 0x0000028aed233600 nmethod 11760 0x0000028a9f748410 code [0x0000028a9f748680, 0x0000028a9f748fd0]
Event: 33.883 Thread 0x0000028aed233600 11761       4       java.io.BufferedOutputStream::implWrite (71 bytes)
Event: 33.885 Thread 0x0000028aed048d40 11804       2       java.util.ImmutableCollections$MapN::entrySet (9 bytes)
Event: 33.885 Thread 0x0000028aed048d40 nmethod 11804 0x0000028a98c1a090 code [0x0000028a98c1a220, 0x0000028a98c1a3a0]
Event: 33.885 Thread 0x0000028aed048d40 11805       2       java.util.ImmutableCollections$MapN$1::<init> (10 bytes)
Event: 33.885 Thread 0x0000028aed048d40 nmethod 11805 0x0000028a98c1a490 code [0x0000028a98c1a620, 0x0000028a98c1a740]
Event: 33.890 Thread 0x0000028aed233600 nmethod 11761 0x0000028a9f749910 code [0x0000028a9f749b20, 0x0000028a9f74a070]
Event: 33.890 Thread 0x0000028aed233600 11650       4       java.util.ImmutableCollections::listFromArray (39 bytes)
Event: 33.899 Thread 0x0000028aed233600 nmethod 11650 0x0000028a9f74a590 code [0x0000028a9f74a740, 0x0000028a9f74aae0]
Event: 33.899 Thread 0x0000028aed233600 11543  s!   4       org.eclipse.jdt.internal.core.index.DiskIndex::readCategoryTable (743 bytes)
Event: 33.914 Thread 0x0000028aed048d40 11806       3       org.eclipse.jdt.internal.compiler.classfmt.AnnotationInfo::scanAnnotation (330 bytes)
Event: 33.917 Thread 0x0000028aed048d40 nmethod 11806 0x0000028a98c1a810 code [0x0000028a98c1ab20, 0x0000028a98c1bba8]

GC Heap History (20 events):
Event: 31.793 GC heap before
{Heap before GC invocations=1389 (full 3):
 PSYoungGen      total 12800K, used 12556K [0x00000000d5580000, 0x00000000d6300000, 0x0000000100000000)
  eden space 11776K, 100% used [0x00000000d5580000,0x00000000d6100000,0x00000000d6100000)
  from space 1024K, 76% used [0x00000000d6100000,0x00000000d61c3018,0x00000000d6200000)
  to   space 1024K, 0% used [0x00000000d6200000,0x00000000d6200000,0x00000000d6300000)
 ParOldGen       total 702976K, used 702923K [0x0000000080000000, 0x00000000aae80000, 0x00000000d5580000)
  object space 702976K, 99% used [0x0000000080000000,0x00000000aae72f38,0x00000000aae80000)
 Metaspace       used 64731K, committed 66368K, reserved 1114112K
  class space    used 6728K, committed 7424K, reserved 1048576K
}
Event: 31.795 GC heap after
{Heap after GC invocations=1389 (full 3):
 PSYoungGen      total 12800K, used 672K [0x00000000d5580000, 0x00000000d6580000, 0x0000000100000000)
  eden space 11776K, 0% used [0x00000000d5580000,0x00000000d5580000,0x00000000d6100000)
  from space 1024K, 65% used [0x00000000d6200000,0x00000000d62a8000,0x00000000d6300000)
  to   space 1024K, 0% used [0x00000000d6100000,0x00000000d6100000,0x00000000d6200000)
 ParOldGen       total 704000K, used 703623K [0x0000000080000000, 0x00000000aaf80000, 0x00000000d5580000)
  object space 704000K, 99% used [0x0000000080000000,0x00000000aaf21f50,0x00000000aaf80000)
 Metaspace       used 64731K, committed 66368K, reserved 1114112K
  class space    used 6728K, committed 7424K, reserved 1048576K
}
Event: 31.802 GC heap before
{Heap before GC invocations=1390 (full 3):
 PSYoungGen      total 12800K, used 12448K [0x00000000d5580000, 0x00000000d6580000, 0x0000000100000000)
  eden space 11776K, 100% used [0x00000000d5580000,0x00000000d6100000,0x00000000d6100000)
  from space 1024K, 65% used [0x00000000d6200000,0x00000000d62a8000,0x00000000d6300000)
  to   space 1024K, 0% used [0x00000000d6100000,0x00000000d6100000,0x00000000d6200000)
 ParOldGen       total 704000K, used 703623K [0x0000000080000000, 0x00000000aaf80000, 0x00000000d5580000)
  object space 704000K, 99% used [0x0000000080000000,0x00000000aaf21f50,0x00000000aaf80000)
 Metaspace       used 64734K, committed 66368K, reserved 1114112K
  class space    used 6729K, committed 7424K, reserved 1048576K
}
Event: 31.803 GC heap after
{Heap after GC invocations=1390 (full 3):
 PSYoungGen      total 12800K, used 688K [0x00000000d5580000, 0x00000000d6580000, 0x0000000100000000)
  eden space 11776K, 0% used [0x00000000d5580000,0x00000000d5580000,0x00000000d6100000)
  from space 1024K, 67% used [0x00000000d6100000,0x00000000d61ac010,0x00000000d6200000)
  to   space 1024K, 0% used [0x00000000d6480000,0x00000000d6480000,0x00000000d6580000)
 ParOldGen       total 704512K, used 704087K [0x0000000080000000, 0x00000000ab000000, 0x00000000d5580000)
  object space 704512K, 99% used [0x0000000080000000,0x00000000aaf95f50,0x00000000ab000000)
 Metaspace       used 64734K, committed 66368K, reserved 1114112K
  class space    used 6729K, committed 7424K, reserved 1048576K
}
Event: 31.812 GC heap before
{Heap before GC invocations=1391 (full 3):
 PSYoungGen      total 12800K, used 12464K [0x00000000d5580000, 0x00000000d6580000, 0x0000000100000000)
  eden space 11776K, 100% used [0x00000000d5580000,0x00000000d6100000,0x00000000d6100000)
  from space 1024K, 67% used [0x00000000d6100000,0x00000000d61ac010,0x00000000d6200000)
  to   space 1024K, 0% used [0x00000000d6480000,0x00000000d6480000,0x00000000d6580000)
 ParOldGen       total 704512K, used 704087K [0x0000000080000000, 0x00000000ab000000, 0x00000000d5580000)
  object space 704512K, 99% used [0x0000000080000000,0x00000000aaf95f50,0x00000000ab000000)
 Metaspace       used 64762K, committed 66432K, reserved 1114112K
  class space    used 6731K, committed 7424K, reserved 1048576K
}
Event: 31.814 GC heap after
{Heap after GC invocations=1391 (full 3):
 PSYoungGen      total 15360K, used 672K [0x00000000d5580000, 0x00000000d6580000, 0x0000000100000000)
  eden space 14336K, 0% used [0x00000000d5580000,0x00000000d5580000,0x00000000d6380000)
  from space 1024K, 65% used [0x00000000d6480000,0x00000000d6528010,0x00000000d6580000)
  to   space 1024K, 0% used [0x00000000d6380000,0x00000000d6380000,0x00000000d6480000)
 ParOldGen       total 705024K, used 704575K [0x0000000080000000, 0x00000000ab080000, 0x00000000d5580000)
  object space 705024K, 99% used [0x0000000080000000,0x00000000ab00ff50,0x00000000ab080000)
 Metaspace       used 64762K, committed 66432K, reserved 1114112K
  class space    used 6731K, committed 7424K, reserved 1048576K
}
Event: 31.824 GC heap before
{Heap before GC invocations=1392 (full 3):
 PSYoungGen      total 15360K, used 15008K [0x00000000d5580000, 0x00000000d6580000, 0x0000000100000000)
  eden space 14336K, 100% used [0x00000000d5580000,0x00000000d6380000,0x00000000d6380000)
  from space 1024K, 65% used [0x00000000d6480000,0x00000000d6528010,0x00000000d6580000)
  to   space 1024K, 0% used [0x00000000d6380000,0x00000000d6380000,0x00000000d6480000)
 ParOldGen       total 705024K, used 704575K [0x0000000080000000, 0x00000000ab080000, 0x00000000d5580000)
  object space 705024K, 99% used [0x0000000080000000,0x00000000ab00ff50,0x00000000ab080000)
 Metaspace       used 64783K, committed 66432K, reserved 1114112K
  class space    used 6732K, committed 7424K, reserved 1048576K
}
Event: 32.826 GC heap after
{Heap after GC invocations=1392 (full 3):
 PSYoungGen      total 15360K, used 960K [0x00000000d5580000, 0x00000000d6880000, 0x0000000100000000)
  eden space 14336K, 0% used [0x00000000d5580000,0x00000000d5580000,0x00000000d6380000)
  from space 1024K, 93% used [0x00000000d6380000,0x00000000d6470000,0x00000000d6480000)
  to   space 1024K, 0% used [0x00000000d6780000,0x00000000d6780000,0x00000000d6880000)
 ParOldGen       total 705536K, used 705103K [0x0000000080000000, 0x00000000ab100000, 0x00000000d5580000)
  object space 705536K, 99% used [0x0000000080000000,0x00000000ab093f60,0x00000000ab100000)
 Metaspace       used 64783K, committed 66432K, reserved 1114112K
  class space    used 6732K, committed 7424K, reserved 1048576K
}
Event: 32.838 GC heap before
{Heap before GC invocations=1393 (full 3):
 PSYoungGen      total 15360K, used 15296K [0x00000000d5580000, 0x00000000d6880000, 0x0000000100000000)
  eden space 14336K, 100% used [0x00000000d5580000,0x00000000d6380000,0x00000000d6380000)
  from space 1024K, 93% used [0x00000000d6380000,0x00000000d6470000,0x00000000d6480000)
  to   space 1024K, 0% used [0x00000000d6780000,0x00000000d6780000,0x00000000d6880000)
 ParOldGen       total 705536K, used 705103K [0x0000000080000000, 0x00000000ab100000, 0x00000000d5580000)
  object space 705536K, 99% used [0x0000000080000000,0x00000000ab093f60,0x00000000ab100000)
 Metaspace       used 64785K, committed 66432K, reserved 1114112K
  class space    used 6732K, committed 7424K, reserved 1048576K
}
Event: 32.841 GC heap after
{Heap after GC invocations=1393 (full 3):
 PSYoungGen      total 15360K, used 1010K [0x00000000d5580000, 0x00000000d6880000, 0x0000000100000000)
  eden space 14336K, 0% used [0x00000000d5580000,0x00000000d5580000,0x00000000d6380000)
  from space 1024K, 98% used [0x00000000d6780000,0x00000000d687c9c8,0x00000000d6880000)
  to   space 1536K, 0% used [0x00000000d6580000,0x00000000d6580000,0x00000000d6700000)
 ParOldGen       total 706048K, used 705830K [0x0000000080000000, 0x00000000ab180000, 0x00000000d5580000)
  object space 706048K, 99% used [0x0000000080000000,0x00000000ab149810,0x00000000ab180000)
 Metaspace       used 64785K, committed 66432K, reserved 1114112K
  class space    used 6732K, committed 7424K, reserved 1048576K
}
Event: 32.851 GC heap before
{Heap before GC invocations=1394 (full 3):
 PSYoungGen      total 15360K, used 15346K [0x00000000d5580000, 0x00000000d6880000, 0x0000000100000000)
  eden space 14336K, 100% used [0x00000000d5580000,0x00000000d6380000,0x00000000d6380000)
  from space 1024K, 98% used [0x00000000d6780000,0x00000000d687c9c8,0x00000000d6880000)
  to   space 1536K, 0% used [0x00000000d6580000,0x00000000d6580000,0x00000000d6700000)
 ParOldGen       total 706048K, used 705830K [0x0000000080000000, 0x00000000ab180000, 0x00000000d5580000)
  object space 706048K, 99% used [0x0000000080000000,0x00000000ab149810,0x00000000ab180000)
 Metaspace       used 64790K, committed 66432K, reserved 1114112K
  class space    used 6732K, committed 7424K, reserved 1048576K
}
Event: 32.856 GC heap after
{Heap after GC invocations=1394 (full 3):
 PSYoungGen      total 15872K, used 896K [0x00000000d5580000, 0x00000000d6800000, 0x0000000100000000)
  eden space 14336K, 0% used [0x00000000d5580000,0x00000000d5580000,0x00000000d6380000)
  from space 1536K, 58% used [0x00000000d6580000,0x00000000d6660000,0x00000000d6700000)
  to   space 1024K, 0% used [0x00000000d6700000,0x00000000d6700000,0x00000000d6800000)
 ParOldGen       total 707072K, used 706655K [0x0000000080000000, 0x00000000ab280000, 0x00000000d5580000)
  object space 707072K, 99% used [0x0000000080000000,0x00000000ab217e78,0x00000000ab280000)
 Metaspace       used 64790K, committed 66432K, reserved 1114112K
  class space    used 6732K, committed 7424K, reserved 1048576K
}
Event: 32.868 GC heap before
{Heap before GC invocations=1395 (full 3):
 PSYoungGen      total 15872K, used 15232K [0x00000000d5580000, 0x00000000d6800000, 0x0000000100000000)
  eden space 14336K, 100% used [0x00000000d5580000,0x00000000d6380000,0x00000000d6380000)
  from space 1536K, 58% used [0x00000000d6580000,0x00000000d6660000,0x00000000d6700000)
  to   space 1024K, 0% used [0x00000000d6700000,0x00000000d6700000,0x00000000d6800000)
 ParOldGen       total 707072K, used 706655K [0x0000000080000000, 0x00000000ab280000, 0x00000000d5580000)
  object space 707072K, 99% used [0x0000000080000000,0x00000000ab217e78,0x00000000ab280000)
 Metaspace       used 64800K, committed 66432K, reserved 1114112K
  class space    used 6732K, committed 7424K, reserved 1048576K
}
Event: 32.871 GC heap after
{Heap after GC invocations=1395 (full 3):
 PSYoungGen      total 15360K, used 915K [0x00000000d5580000, 0x00000000d6800000, 0x0000000100000000)
  eden space 14336K, 0% used [0x00000000d5580000,0x00000000d5580000,0x00000000d6380000)
  from space 1024K, 89% used [0x00000000d6700000,0x00000000d67e4f30,0x00000000d6800000)
  to   space 1024K, 0% used [0x00000000d6600000,0x00000000d6600000,0x00000000d6700000)
 ParOldGen       total 708608K, used 708137K [0x0000000080000000, 0x00000000ab400000, 0x00000000d5580000)
  object space 708608K, 99% used [0x0000000080000000,0x00000000ab38a798,0x00000000ab400000)
 Metaspace       used 64800K, committed 66432K, reserved 1114112K
  class space    used 6732K, committed 7424K, reserved 1048576K
}
Event: 33.877 GC heap before
{Heap before GC invocations=1396 (full 3):
 PSYoungGen      total 15360K, used 15251K [0x00000000d5580000, 0x00000000d6800000, 0x0000000100000000)
  eden space 14336K, 100% used [0x00000000d5580000,0x00000000d6380000,0x00000000d6380000)
  from space 1024K, 89% used [0x00000000d6700000,0x00000000d67e4f30,0x00000000d6800000)
  to   space 1024K, 0% used [0x00000000d6600000,0x00000000d6600000,0x00000000d6700000)
 ParOldGen       total 708608K, used 708217K [0x0000000080000000, 0x00000000ab400000, 0x00000000d5580000)
  object space 708608K, 99% used [0x0000000080000000,0x00000000ab39e430,0x00000000ab400000)
 Metaspace       used 64801K, committed 66432K, reserved 1114112K
  class space    used 6732K, committed 7424K, reserved 1048576K
}
Event: 33.882 GC heap after
{Heap after GC invocations=1396 (full 3):
 PSYoungGen      total 15360K, used 1004K [0x00000000d5580000, 0x00000000d6780000, 0x0000000100000000)
  eden space 14336K, 0% used [0x00000000d5580000,0x00000000d5580000,0x00000000d6380000)
  from space 1024K, 98% used [0x00000000d6600000,0x00000000d66fb138,0x00000000d6700000)
  to   space 512K, 0% used [0x00000000d6700000,0x00000000d6700000,0x00000000d6780000)
 ParOldGen       total 709120K, used 708988K [0x0000000080000000, 0x00000000ab480000, 0x00000000d5580000)
  object space 709120K, 99% used [0x0000000080000000,0x00000000ab45f018,0x00000000ab480000)
 Metaspace       used 64801K, committed 66432K, reserved 1114112K
  class space    used 6732K, committed 7424K, reserved 1048576K
}
Event: 33.891 GC heap before
{Heap before GC invocations=1397 (full 3):
 PSYoungGen      total 15360K, used 15340K [0x00000000d5580000, 0x00000000d6780000, 0x0000000100000000)
  eden space 14336K, 100% used [0x00000000d5580000,0x00000000d6380000,0x00000000d6380000)
  from space 1024K, 98% used [0x00000000d6600000,0x00000000d66fb138,0x00000000d6700000)
  to   space 512K, 0% used [0x00000000d6700000,0x00000000d6700000,0x00000000d6780000)
 ParOldGen       total 709120K, used 708989K [0x0000000080000000, 0x00000000ab480000, 0x00000000d5580000)
  object space 709120K, 99% used [0x0000000080000000,0x00000000ab45f7c8,0x00000000ab480000)
 Metaspace       used 64819K, committed 66432K, reserved 1114112K
  class space    used 6735K, committed 7424K, reserved 1048576K
}
Event: 33.893 GC heap after
{Heap after GC invocations=1397 (full 3):
 PSYoungGen      total 14848K, used 512K [0x00000000d5580000, 0x00000000d6780000, 0x0000000100000000)
  eden space 14336K, 0% used [0x00000000d5580000,0x00000000d5580000,0x00000000d6380000)
  from space 512K, 100% used [0x00000000d6700000,0x00000000d6780000,0x00000000d6780000)
  to   space 2048K, 0% used [0x00000000d6380000,0x00000000d6380000,0x00000000d6580000)
 ParOldGen       total 710656K, used 710173K [0x0000000080000000, 0x00000000ab600000, 0x00000000d5580000)
  object space 710656K, 99% used [0x0000000080000000,0x00000000ab5877d8,0x00000000ab600000)
 Metaspace       used 64819K, committed 66432K, reserved 1114112K
  class space    used 6735K, committed 7424K, reserved 1048576K
}
Event: 33.907 GC heap before
{Heap before GC invocations=1398 (full 3):
 PSYoungGen      total 14848K, used 14848K [0x00000000d5580000, 0x00000000d6780000, 0x0000000100000000)
  eden space 14336K, 100% used [0x00000000d5580000,0x00000000d6380000,0x00000000d6380000)
  from space 512K, 100% used [0x00000000d6700000,0x00000000d6780000,0x00000000d6780000)
  to   space 2048K, 0% used [0x00000000d6380000,0x00000000d6380000,0x00000000d6580000)
 ParOldGen       total 710656K, used 710173K [0x0000000080000000, 0x00000000ab600000, 0x00000000d5580000)
  object space 710656K, 99% used [0x0000000080000000,0x00000000ab5877d8,0x00000000ab600000)
 Metaspace       used 64819K, committed 66432K, reserved 1114112K
  class space    used 6735K, committed 7424K, reserved 1048576K
}
Event: 33.912 GC heap after
{Heap after GC invocations=1398 (full 3):
 PSYoungGen      total 16384K, used 1143K [0x00000000d5580000, 0x00000000d6780000, 0x0000000100000000)
  eden space 14336K, 0% used [0x00000000d5580000,0x00000000d5580000,0x00000000d6380000)
  from space 2048K, 55% used [0x00000000d6380000,0x00000000d649dd08,0x00000000d6580000)
  to   space 1536K, 0% used [0x00000000d6600000,0x00000000d6600000,0x00000000d6780000)
 ParOldGen       total 710656K, used 710605K [0x0000000080000000, 0x00000000ab600000, 0x00000000d5580000)
  object space 710656K, 99% used [0x0000000080000000,0x00000000ab5f37e8,0x00000000ab600000)
 Metaspace       used 64819K, committed 66432K, reserved 1114112K
  class space    used 6735K, committed 7424K, reserved 1048576K
}

Dll operation events (10 events):
Event: 0.010 Loaded shared library c:\Users\dubey\.vscode\extensions\redhat.java-1.43.1-win32-x64\jre\21.0.7-win32-x86_64\bin\java.dll
Event: 0.085 Loaded shared library c:\Users\dubey\.vscode\extensions\redhat.java-1.43.1-win32-x64\jre\21.0.7-win32-x86_64\bin\zip.dll
Event: 0.100 Loaded shared library C:\Users\dubey\.vscode\extensions\redhat.java-1.43.1-win32-x64\jre\21.0.7-win32-x86_64\bin\instrument.dll
Event: 0.103 Loaded shared library C:\Users\dubey\.vscode\extensions\redhat.java-1.43.1-win32-x64\jre\21.0.7-win32-x86_64\bin\net.dll
Event: 0.104 Loaded shared library C:\Users\dubey\.vscode\extensions\redhat.java-1.43.1-win32-x64\jre\21.0.7-win32-x86_64\bin\nio.dll
Event: 0.107 Loaded shared library C:\Users\dubey\.vscode\extensions\redhat.java-1.43.1-win32-x64\jre\21.0.7-win32-x86_64\bin\zip.dll
Event: 0.122 Loaded shared library C:\Users\dubey\.vscode\extensions\redhat.java-1.43.1-win32-x64\jre\21.0.7-win32-x86_64\bin\jimage.dll
Event: 0.176 Loaded shared library c:\Users\dubey\.vscode\extensions\redhat.java-1.43.1-win32-x64\jre\21.0.7-win32-x86_64\bin\verify.dll
Event: 1.575 Loaded shared library C:\Users\dubey\AppData\Roaming\Code\User\globalStorage\redhat.java\1.43.1\config_win\org.eclipse.equinox.launcher\org.eclipse.equinox.launcher.win32.win32.x86_64_1.2.1300.v20250331-1702\eclipse_11911.dll
Event: 3.497 Loaded shared library C:\Users\dubey\AppData\Local\Temp\jna-95935077\jna8971041260537099409.dll

Deoptimization events (20 events):
Event: 31.770 Thread 0x0000028af6bc1930 DEOPT PACKING pc=0x0000028a98b883f0 sp=0x000000bd52bfe980
Event: 31.770 Thread 0x0000028af6bc1930 DEOPT UNPACKING pc=0x0000028a9ea14242 sp=0x000000bd52bfdf20 mode 0
Event: 31.783 Thread 0x0000028a94347950 Uncommon trap: trap_request=0xffffff45 fr.pc=0x0000028a9f3c4514 relative=0x0000000000000594
Event: 31.783 Thread 0x0000028a94347950 Uncommon trap: reason=unstable_if action=reinterpret pc=0x0000028a9f3c4514 method=java.util.HashMap.removeNode(ILjava/lang/Object;Ljava/lang/Object;ZZ)Ljava/util/HashMap$Node; @ 62 c2
Event: 31.783 Thread 0x0000028a94347950 DEOPT PACKING pc=0x0000028a9f3c4514 sp=0x000000bd505ff130
Event: 31.783 Thread 0x0000028a94347950 DEOPT UNPACKING pc=0x0000028a9ea13aa2 sp=0x000000bd505ff030 mode 2
Event: 31.801 Thread 0x0000028af2aa5460 Uncommon trap: trap_request=0xffffff45 fr.pc=0x0000028a9f5baf28 relative=0x0000000000001588
Event: 31.801 Thread 0x0000028af2aa5460 Uncommon trap: reason=unstable_if action=reinterpret pc=0x0000028a9f5baf28 method=org.eclipse.jdt.internal.core.search.indexing.AbstractIndexer.addClassDeclaration(I[C[C[[C[C[[C[[CZ)V @ 13 c2
Event: 31.801 Thread 0x0000028af2aa5460 DEOPT PACKING pc=0x0000028a9f5baf28 sp=0x000000bd514fe670
Event: 31.801 Thread 0x0000028af2aa5460 DEOPT UNPACKING pc=0x0000028a9ea13aa2 sp=0x000000bd514fe630 mode 2
Event: 31.820 Thread 0x0000028af44a3790 DEOPT PACKING pc=0x0000028a98ba3806 sp=0x000000bd551fd580
Event: 31.820 Thread 0x0000028af44a3790 DEOPT UNPACKING pc=0x0000028a9ea14242 sp=0x000000bd551fca40 mode 0
Event: 32.827 Thread 0x0000028af449ef60 Uncommon trap: trap_request=0xffffff45 fr.pc=0x0000028a9f72c62c relative=0x000000000000078c
Event: 32.827 Thread 0x0000028af449ef60 Uncommon trap: reason=unstable_if action=reinterpret pc=0x0000028a9f72c62c method=org.eclipse.jdt.internal.core.util.WeakHashSet.cleanupGarbageCollectedValues()V @ 68 c2
Event: 32.827 Thread 0x0000028af449ef60 DEOPT PACKING pc=0x0000028a9f72c62c sp=0x000000bd511fe110
Event: 32.827 Thread 0x0000028af449ef60 DEOPT UNPACKING pc=0x0000028a9ea13aa2 sp=0x000000bd511fe010 mode 2
Event: 33.885 Thread 0x0000028af2aa5460 Uncommon trap: trap_request=0xffffff45 fr.pc=0x0000028a9f69fbb4 relative=0x00000000000007f4
Event: 33.885 Thread 0x0000028af2aa5460 Uncommon trap: reason=unstable_if action=reinterpret pc=0x0000028a9f69fbb4 method=org.eclipse.jdt.internal.compiler.classfmt.AnnotationInfo.scanAnnotation(IZZ)I @ 282 c2
Event: 33.885 Thread 0x0000028af2aa5460 DEOPT PACKING pc=0x0000028a9f69fbb4 sp=0x000000bd514fe4a0
Event: 33.885 Thread 0x0000028af2aa5460 DEOPT UNPACKING pc=0x0000028a9ea13aa2 sp=0x000000bd514fe458 mode 2

Classes loaded (20 events):
Event: 30.189 Loading class java/util/HashMap$EntrySpliterator
Event: 30.189 Loading class java/util/HashMap$EntrySpliterator done
Event: 30.253 Loading class java/util/stream/ReduceOps$5
Event: 30.254 Loading class java/util/stream/ReduceOps$5 done
Event: 30.254 Loading class java/util/stream/ReduceOps$CountingSink$OfRef
Event: 30.254 Loading class java/util/stream/ReduceOps$CountingSink
Event: 30.258 Loading class java/util/stream/ReduceOps$CountingSink done
Event: 30.258 Loading class java/util/stream/ReduceOps$CountingSink$OfRef done
Event: 30.657 Loading class java/util/Hashtable$KeySet
Event: 30.658 Loading class java/util/Hashtable$KeySet done
Event: 30.719 Loading class java/util/stream/ReduceOps$1
Event: 30.719 Loading class java/util/stream/ReduceOps$1 done
Event: 30.720 Loading class java/util/stream/ReduceOps$1ReducingSink
Event: 30.720 Loading class java/util/stream/ReduceOps$1ReducingSink done
Event: 33.882 Loading class sun/nio/cs/ISO_8859_1$Encoder
Event: 33.882 Loading class sun/nio/cs/ISO_8859_1$Encoder done
Event: 33.883 Loading class sun/nio/cs/Surrogate$Parser
Event: 33.883 Loading class sun/nio/cs/Surrogate$Parser done
Event: 33.884 Loading class sun/nio/cs/Surrogate
Event: 33.884 Loading class sun/nio/cs/Surrogate done

Classes unloaded (11 events):
Event: 4.319 Thread 0x0000028a94234ab0 Unloading class 0x0000028aac19c000 'java/lang/invoke/LambdaForm$MH+0x0000028aac19c000'
Event: 4.319 Thread 0x0000028a94234ab0 Unloading class 0x0000028aac19bc00 'java/lang/invoke/LambdaForm$MH+0x0000028aac19bc00'
Event: 4.319 Thread 0x0000028a94234ab0 Unloading class 0x0000028aac19b800 'java/lang/invoke/LambdaForm$MH+0x0000028aac19b800'
Event: 4.319 Thread 0x0000028a94234ab0 Unloading class 0x0000028aac19b400 'java/lang/invoke/LambdaForm$MH+0x0000028aac19b400'
Event: 4.319 Thread 0x0000028a94234ab0 Unloading class 0x0000028aac19b000 'java/lang/invoke/LambdaForm$BMH+0x0000028aac19b000'
Event: 4.319 Thread 0x0000028a94234ab0 Unloading class 0x0000028aac19ac00 'java/lang/invoke/LambdaForm$DMH+0x0000028aac19ac00'
Event: 4.319 Thread 0x0000028a94234ab0 Unloading class 0x0000028aac199800 'java/lang/invoke/LambdaForm$DMH+0x0000028aac199800'
Event: 15.420 Thread 0x0000028a94234ab0 Unloading class 0x0000028aac698000 'java/lang/invoke/LambdaForm$DMH+0x0000028aac698000'
Event: 15.420 Thread 0x0000028a94234ab0 Unloading class 0x0000028aac698c00 'java/lang/invoke/LambdaForm$DMH+0x0000028aac698c00'
Event: 15.420 Thread 0x0000028a94234ab0 Unloading class 0x0000028aac698800 'java/lang/invoke/LambdaForm$DMH+0x0000028aac698800'
Event: 15.420 Thread 0x0000028a94234ab0 Unloading class 0x0000028aac698400 'java/lang/invoke/LambdaForm$DMH+0x0000028aac698400'

Classes redefined (0 events):
No events

Internal exceptions (20 events):
Event: 30.237 Thread 0x0000028af2a9f880 Exception <a 'sun/nio/fs/WindowsException'{0x00000000d55eab00}> (0x00000000d55eab00) 
thrown [s\src\hotspot\share\prims\jni.cpp, line 520]
Event: 30.265 Thread 0x0000028af2aa4740 Exception <a 'sun/nio/fs/WindowsException'{0x00000000d56a9e30}> (0x00000000d56a9e30) 
thrown [s\src\hotspot\share\prims\jni.cpp, line 520]
Event: 30.266 Thread 0x0000028af2aa4740 Exception <a 'sun/nio/fs/WindowsException'{0x00000000d56e2278}> (0x00000000d56e2278) 
thrown [s\src\hotspot\share\prims\jni.cpp, line 520]
Event: 30.314 Thread 0x0000028af2a9f880 Exception <a 'java/lang/NoSuchMethodError'{0x00000000d56de2b0}: 'java.lang.Object java.lang.invoke.Invokers$Holder.linkToTargetMethod(java.lang.Object, java.lang.Object, int, int, java.lang.Object)'> (0x00000000d56de2b0) 
thrown [s\src\hotspot\share\interpreter\linkResolver.cpp, line 773]
Event: 30.330 Thread 0x0000028af2a9f880 Exception <a 'java/lang/NoSuchMethodError'{0x00000000d5a87ac0}: method resolution failed> (0x00000000d5a87ac0) 
thrown [s\src\hotspot\share\prims\methodHandles.cpp, line 1144]
Event: 30.567 Thread 0x0000028af2aa6810 Exception <a 'sun/nio/fs/WindowsException'{0x00000000d5f7e688}> (0x00000000d5f7e688) 
thrown [s\src\hotspot\share\prims\jni.cpp, line 520]
Event: 30.574 Thread 0x0000028af2aa6810 Exception <a 'sun/nio/fs/WindowsException'{0x00000000d57537d8}> (0x00000000d57537d8) 
thrown [s\src\hotspot\share\prims\jni.cpp, line 520]
Event: 30.656 Thread 0x0000028af6bc1930 Exception <a 'java/lang/NoSuchMethodError'{0x00000000d5db8c90}: 'java.lang.Object java.lang.invoke.DirectMethodHandle$Holder.invokeSpecial(java.lang.Object, java.lang.Object, int, long)'> (0x00000000d5db8c90) 
thrown [s\src\hotspot\share\interpreter\linkResolver.cpp, line 773]
Event: 30.713 Thread 0x0000028af44a3790 Exception <a 'sun/nio/fs/WindowsException'{0x00000000d565eca8}> (0x00000000d565eca8) 
thrown [s\src\hotspot\share\prims\jni.cpp, line 520]
Event: 30.713 Thread 0x0000028af44a3790 Exception <a 'sun/nio/fs/WindowsException'{0x00000000d565f680}> (0x00000000d565f680) 
thrown [s\src\hotspot\share\prims\jni.cpp, line 520]
Event: 30.715 Thread 0x0000028af44a3790 Exception <a 'sun/nio/fs/WindowsException'{0x00000000d5775ac0}> (0x00000000d5775ac0) 
thrown [s\src\hotspot\share\prims\jni.cpp, line 520]
Event: 30.715 Thread 0x0000028af44a3790 Exception <a 'sun/nio/fs/WindowsException'{0x00000000d5776498}> (0x00000000d5776498) 
thrown [s\src\hotspot\share\prims\jni.cpp, line 520]
Event: 30.728 Thread 0x0000028af44a3790 Exception <a 'java/io/FileNotFoundException'{0x00000000d55c0f48}> (0x00000000d55c0f48) 
thrown [s\src\hotspot\share\prims\jni.cpp, line 520]
Event: 30.730 Thread 0x0000028af44a3790 Exception <a 'java/io/FileNotFoundException'{0x00000000d56ceb20}> (0x00000000d56ceb20) 
thrown [s\src\hotspot\share\prims\jni.cpp, line 520]
Event: 31.749 Thread 0x0000028af44a3790 Exception <a 'sun/nio/fs/WindowsException'{0x00000000d5a9e148}> (0x00000000d5a9e148) 
thrown [s\src\hotspot\share\prims\jni.cpp, line 520]
Event: 31.750 Thread 0x0000028af44a3790 Exception <a 'sun/nio/fs/WindowsException'{0x00000000d5ce4f30}> (0x00000000d5ce4f30) 
thrown [s\src\hotspot\share\prims\jni.cpp, line 520]
Event: 31.783 Thread 0x0000028a94347950 Implicit null exception at 0x0000028a9f3c41c9 to 0x0000028a9f3c44ea
Event: 31.790 Thread 0x0000028af44a3790 Exception <a 'sun/nio/fs/WindowsException'{0x00000000d5b91ab0}> (0x00000000d5b91ab0) 
thrown [s\src\hotspot\share\prims\jni.cpp, line 520]
Event: 31.790 Thread 0x0000028af44a3790 Exception <a 'sun/nio/fs/WindowsException'{0x00000000d5c37d80}> (0x00000000d5c37d80) 
thrown [s\src\hotspot\share\prims\jni.cpp, line 520]
Event: 31.801 Thread 0x0000028af2aa5460 Implicit null exception at 0x0000028a9f5b9a17 to 0x0000028a9f5baf04

ZGC Phase Switch (0 events):
No events

VM Operations (20 events):
Event: 31.824 Executing VM operation: ParallelGCFailedAllocation (Allocation Failure)
Event: 32.826 Executing VM operation: ParallelGCFailedAllocation (Allocation Failure) done
Event: 32.838 Executing VM operation: ParallelGCFailedAllocation (Allocation Failure)
Event: 32.841 Executing VM operation: ParallelGCFailedAllocation (Allocation Failure) done
Event: 32.851 Executing VM operation: ParallelGCFailedAllocation (Allocation Failure)
Event: 32.856 Executing VM operation: ParallelGCFailedAllocation (Allocation Failure) done
Event: 32.868 Executing VM operation: ParallelGCFailedAllocation (Allocation Failure)
Event: 32.871 Executing VM operation: ParallelGCFailedAllocation (Allocation Failure) done
Event: 32.876 Executing VM operation: ParallelGCFailedAllocation (Allocation Failure)
Event: 33.875 Executing VM operation: ParallelGCFailedAllocation (Allocation Failure) done
Event: 33.877 Executing VM operation: ParallelGCSystemGC (GCLocker Initiated GC)
Event: 33.882 Executing VM operation: ParallelGCSystemGC (GCLocker Initiated GC) done
Event: 33.891 Executing VM operation: ParallelGCFailedAllocation (Allocation Failure)
Event: 33.893 Executing VM operation: ParallelGCFailedAllocation (Allocation Failure) done
Event: 33.907 Executing VM operation: ParallelGCFailedAllocation (Allocation Failure)
Event: 33.912 Executing VM operation: ParallelGCFailedAllocation (Allocation Failure) done
Event: 33.919 Executing VM operation: ParallelGCFailedAllocation (Allocation Failure)
Event: 33.920 Executing VM operation: ParallelGCFailedAllocation (Allocation Failure) done
Event: 33.920 Executing VM operation: ParallelGCFailedAllocation (Allocation Failure)
Event: 33.920 Executing VM operation: ParallelGCFailedAllocation (Allocation Failure) done

Memory protections (0 events):
No events

Nmethod flushes (20 events):
Event: 15.458 Thread 0x0000028a94234ab0 flushing  nmethod 0x0000028a97cfb710
Event: 15.458 Thread 0x0000028a94234ab0 flushing  nmethod 0x0000028a97d10790
Event: 15.458 Thread 0x0000028a94234ab0 flushing osr nmethod 0x0000028a97d3a910
Event: 15.458 Thread 0x0000028a94234ab0 flushing  nmethod 0x0000028a97d53790
Event: 15.458 Thread 0x0000028a94234ab0 flushing  nmethod 0x0000028a97d72a90
Event: 15.458 Thread 0x0000028a94234ab0 flushing  nmethod 0x0000028a97d74210
Event: 15.458 Thread 0x0000028a94234ab0 flushing  nmethod 0x0000028a97d7d710
Event: 15.458 Thread 0x0000028a94234ab0 flushing  nmethod 0x0000028a97da0a90
Event: 15.458 Thread 0x0000028a94234ab0 flushing  nmethod 0x0000028a97dc5490
Event: 15.458 Thread 0x0000028a94234ab0 flushing  nmethod 0x0000028a97dc8990
Event: 15.458 Thread 0x0000028a94234ab0 flushing  nmethod 0x0000028a97dc9610
Event: 15.458 Thread 0x0000028a94234ab0 flushing  nmethod 0x0000028a97dc9d10
Event: 15.458 Thread 0x0000028a94234ab0 flushing  nmethod 0x0000028a97dcac90
Event: 15.458 Thread 0x0000028a94234ab0 flushing  nmethod 0x0000028a97dcea10
Event: 15.458 Thread 0x0000028a94234ab0 flushing  nmethod 0x0000028a97de4190
Event: 15.458 Thread 0x0000028a94234ab0 flushing  nmethod 0x0000028a97de9590
Event: 15.458 Thread 0x0000028a94234ab0 flushing osr nmethod 0x0000028a97df5290
Event: 15.458 Thread 0x0000028a94234ab0 flushing  nmethod 0x0000028a97e14c10
Event: 15.458 Thread 0x0000028a94234ab0 flushing  nmethod 0x0000028a97e36f10
Event: 15.458 Thread 0x0000028a94234ab0 flushing  nmethod 0x0000028a97e3a910

Events (20 events):
Event: 16.090 Thread 0x0000028af449ef60 Thread exited: 0x0000028af449ef60
Event: 20.318 Thread 0x0000028aed233600 Thread exited: 0x0000028aed233600
Event: 20.891 Thread 0x0000028aed233cd0 Thread exited: 0x0000028aed233cd0
Event: 22.872 Thread 0x0000028a9435e600 Thread added: 0x0000028aed235140
Event: 23.020 Thread 0x0000028aed235140 Thread exited: 0x0000028aed235140
Event: 29.047 Thread 0x0000028a9435e600 Thread added: 0x0000028aed235140
Event: 29.175 Thread 0x0000028aed235140 Thread exited: 0x0000028aed235140
Event: 29.534 Thread 0x0000028af6bc3370 Thread added: 0x0000028af449ef60
Event: 29.540 Thread 0x0000028af6bc3370 Thread added: 0x0000028af44a2a70
Event: 29.543 Thread 0x0000028af6bc3370 Thread added: 0x0000028af449f5f0
Event: 29.546 Thread 0x0000028aed048d40 Thread added: 0x0000028aed233600
Event: 29.547 Thread 0x0000028af6bc3370 Thread added: 0x0000028af44a3100
Event: 29.548 Thread 0x0000028af6bc3370 Thread added: 0x0000028af44a51d0
Event: 29.549 Thread 0x0000028af44a51d0 Thread added: 0x0000028af44a5ef0
Event: 29.550 Thread 0x0000028af44a5ef0 Thread added: 0x0000028af44a3790
Event: 29.550 Thread 0x0000028af44a3790 Thread added: 0x0000028af44a3e20
Event: 30.186 Thread 0x0000028af6bc3370 Thread added: 0x0000028af44a5860
Event: 30.188 Thread 0x0000028af44a5860 Thread added: 0x0000028af44a44b0
Event: 30.189 Thread 0x0000028af44a44b0 Thread added: 0x0000028af44a4b40
Event: 31.780 Thread 0x0000028af44a3790 Thread added: 0x0000028af44a6580


Dynamic libraries:
0x00007ff788300000 - 0x00007ff78830e000 	c:\Users\dubey\.vscode\extensions\redhat.java-1.43.1-win32-x64\jre\21.0.7-win32-x86_64\bin\java.exe
0x00007fff7af40000 - 0x00007fff7b1a8000 	C:\Windows\SYSTEM32\ntdll.dll
0x00007fff792b0000 - 0x00007fff79379000 	C:\Windows\System32\KERNEL32.DLL
0x00007fff78350000 - 0x00007fff7873d000 	C:\Windows\System32\KERNELBASE.dll
0x00007fff78b90000 - 0x00007fff78cdb000 	C:\Windows\System32\ucrtbase.dll
0x00007fff3c120000 - 0x00007fff3c138000 	c:\Users\dubey\.vscode\extensions\redhat.java-1.43.1-win32-x64\jre\21.0.7-win32-x86_64\bin\jli.dll
0x00007fff3c000000 - 0x00007fff3c01e000 	c:\Users\dubey\.vscode\extensions\redhat.java-1.43.1-win32-x64\jre\21.0.7-win32-x86_64\bin\VCRUNTIME140.dll
0x00007fff79400000 - 0x00007fff795cc000 	C:\Windows\System32\USER32.dll
0x00007fff52b70000 - 0x00007fff52e0a000 	C:\Windows\WinSxS\amd64_microsoft.windows.common-controls_6595b64144ccf1df_6.0.26100.4484_none_3e0e6d4ce32ef3b3\COMCTL32.dll
0x00007fff78740000 - 0x00007fff78767000 	C:\Windows\System32\win32u.dll
0x00007fff7ae50000 - 0x00007fff7aef9000 	C:\Windows\System32\msvcrt.dll
0x00007fff79800000 - 0x00007fff7982b000 	C:\Windows\System32\GDI32.dll
0x00007fff78090000 - 0x00007fff781c7000 	C:\Windows\System32\gdi32full.dll
0x00007fff78a40000 - 0x00007fff78ae3000 	C:\Windows\System32\msvcp_win.dll
0x00007fff79270000 - 0x00007fff7929f000 	C:\Windows\System32\IMM32.DLL
0x00007fff462c0000 - 0x00007fff462cc000 	c:\Users\dubey\.vscode\extensions\redhat.java-1.43.1-win32-x64\jre\21.0.7-win32-x86_64\bin\vcruntime140_1.dll
0x00007fff346f0000 - 0x00007fff3477d000 	c:\Users\dubey\.vscode\extensions\redhat.java-1.43.1-win32-x64\jre\21.0.7-win32-x86_64\bin\msvcp140.dll
0x00007ffec3280000 - 0x00007ffec4010000 	c:\Users\dubey\.vscode\extensions\redhat.java-1.43.1-win32-x64\jre\21.0.7-win32-x86_64\bin\server\jvm.dll
0x00007fff7ac50000 - 0x00007fff7ad04000 	C:\Windows\System32\ADVAPI32.dll
0x00007fff79bc0000 - 0x00007fff79c66000 	C:\Windows\System32\sechost.dll
0x00007fff7ab30000 - 0x00007fff7ac48000 	C:\Windows\System32\RPCRT4.dll
0x00007fff7ad10000 - 0x00007fff7ad84000 	C:\Windows\System32\WS2_32.dll
0x00007fff77ee0000 - 0x00007fff77f3e000 	C:\Windows\SYSTEM32\POWRPROF.dll
0x00007fff6fe10000 - 0x00007fff6fe45000 	C:\Windows\SYSTEM32\WINMM.dll
0x00007fff639f0000 - 0x00007fff639fb000 	C:\Windows\SYSTEM32\VERSION.dll
0x00007fff77ec0000 - 0x00007fff77ed4000 	C:\Windows\SYSTEM32\UMPDC.dll
0x00007fff76e30000 - 0x00007fff76e4b000 	C:\Windows\SYSTEM32\kernel.appcore.dll
0x00007fff46240000 - 0x00007fff4624a000 	c:\Users\dubey\.vscode\extensions\redhat.java-1.43.1-win32-x64\jre\21.0.7-win32-x86_64\bin\jimage.dll
0x00007fff757c0000 - 0x00007fff75a01000 	C:\Windows\SYSTEM32\DBGHELP.DLL
0x00007fff7a530000 - 0x00007fff7a8b6000 	C:\Windows\System32\combase.dll
0x00007fff7a930000 - 0x00007fff7aa10000 	C:\Windows\System32\OLEAUT32.dll
0x00007fff517d0000 - 0x00007fff51813000 	C:\Windows\SYSTEM32\dbgcore.DLL
0x00007fff78af0000 - 0x00007fff78b89000 	C:\Windows\System32\bcryptPrimitives.dll
0x00007fff6fb60000 - 0x00007fff6fb6f000 	c:\Users\dubey\.vscode\extensions\redhat.java-1.43.1-win32-x64\jre\21.0.7-win32-x86_64\bin\instrument.dll
0x00007fff3bfe0000 - 0x00007fff3bfff000 	c:\Users\dubey\.vscode\extensions\redhat.java-1.43.1-win32-x64\jre\21.0.7-win32-x86_64\bin\java.dll
0x00007fff79c70000 - 0x00007fff7a3ba000 	C:\Windows\System32\SHELL32.dll
0x00007fff781d0000 - 0x00007fff78344000 	C:\Windows\System32\wintypes.dll
0x00007fff75cb0000 - 0x00007fff7650b000 	C:\Windows\SYSTEM32\windows.storage.dll
0x00007fff7aa20000 - 0x00007fff7ab15000 	C:\Windows\System32\SHCORE.dll
0x00007fff79710000 - 0x00007fff7977a000 	C:\Windows\System32\shlwapi.dll
0x00007fff77fa0000 - 0x00007fff77fcf000 	C:\Windows\SYSTEM32\profapi.dll
0x00007fff34fd0000 - 0x00007fff34fe8000 	c:\Users\dubey\.vscode\extensions\redhat.java-1.43.1-win32-x64\jre\21.0.7-win32-x86_64\bin\zip.dll
0x00007fff408e0000 - 0x00007fff408f0000 	C:\Users\dubey\.vscode\extensions\redhat.java-1.43.1-win32-x64\jre\21.0.7-win32-x86_64\bin\net.dll
0x00007fff665b0000 - 0x00007fff666ce000 	C:\Windows\SYSTEM32\WINHTTP.dll
0x00007fff773c0000 - 0x00007fff7742a000 	C:\Windows\system32\mswsock.dll
0x00007fff34c00000 - 0x00007fff34c16000 	C:\Users\dubey\.vscode\extensions\redhat.java-1.43.1-win32-x64\jre\21.0.7-win32-x86_64\bin\nio.dll
0x00007fff6fab0000 - 0x00007fff6fac0000 	c:\Users\dubey\.vscode\extensions\redhat.java-1.43.1-win32-x64\jre\21.0.7-win32-x86_64\bin\verify.dll
0x00007fff57320000 - 0x00007fff57365000 	C:\Users\dubey\AppData\Roaming\Code\User\globalStorage\redhat.java\1.43.1\config_win\org.eclipse.equinox.launcher\org.eclipse.equinox.launcher.win32.win32.x86_64_1.2.1300.v20250331-1702\eclipse_11911.dll
0x00007fff79830000 - 0x00007fff799ce000 	C:\Windows\System32\ole32.dll
0x00007fff77670000 - 0x00007fff7768b000 	C:\Windows\SYSTEM32\CRYPTSP.dll
0x00007fff76d90000 - 0x00007fff76dcb000 	C:\Windows\system32\rsaenh.dll
0x00007fff77460000 - 0x00007fff7748b000 	C:\Windows\SYSTEM32\USERENV.dll
0x00007fff77f70000 - 0x00007fff77f96000 	C:\Windows\SYSTEM32\bcrypt.dll
0x00007fff77690000 - 0x00007fff7769c000 	C:\Windows\SYSTEM32\CRYPTBASE.dll
0x00007fff76840000 - 0x00007fff76873000 	C:\Windows\SYSTEM32\IPHLPAPI.DLL
0x00007fff7a920000 - 0x00007fff7a92a000 	C:\Windows\System32\NSI.dll
0x00007fff567a0000 - 0x00007fff567e9000 	C:\Users\dubey\AppData\Local\Temp\jna-95935077\jna8971041260537099409.dll
0x00007fff7ab20000 - 0x00007fff7ab28000 	C:\Windows\System32\PSAPI.DLL
0x00007fff667d0000 - 0x00007fff667ef000 	C:\Windows\SYSTEM32\dhcpcsvc6.DLL
0x00007fff666e0000 - 0x00007fff66705000 	C:\Windows\SYSTEM32\dhcpcsvc.DLL
0x00007fff76f60000 - 0x00007fff76f96000 	C:\Windows\SYSTEM32\ntmarta.dll

dbghelp: loaded successfully - version: 4.0.5 - missing functions: none
symbol engine: initialized successfully - sym options: 0x614 - pdb path: .;c:\Users\dubey\.vscode\extensions\redhat.java-1.43.1-win32-x64\jre\21.0.7-win32-x86_64\bin;C:\Windows\SYSTEM32;C:\Windows\WinSxS\amd64_microsoft.windows.common-controls_6595b64144ccf1df_6.0.26100.4484_none_3e0e6d4ce32ef3b3;c:\Users\dubey\.vscode\extensions\redhat.java-1.43.1-win32-x64\jre\21.0.7-win32-x86_64\bin\server;C:\Users\dubey\AppData\Roaming\Code\User\globalStorage\redhat.java\1.43.1\config_win\org.eclipse.equinox.launcher\org.eclipse.equinox.launcher.win32.win32.x86_64_1.2.1300.v20250331-1702;C:\Users\dubey\AppData\Local\Temp\jna-95935077

VM Arguments:
jvm_args: --add-modules=ALL-SYSTEM --add-opens=java.base/java.util=ALL-UNNAMED --add-opens=java.base/java.lang=ALL-UNNAMED --add-opens=java.base/sun.nio.fs=ALL-UNNAMED -Declipse.application=org.eclipse.jdt.ls.core.id1 -Dosgi.bundles.defaultStartLevel=4 -Declipse.product=org.eclipse.jdt.ls.core.product -Djava.import.generatesMetadataFilesAtProjectRoot=false -DDetectVMInstallationsJob.disabled=true -Dfile.encoding=utf8 -XX:+UseParallelGC -XX:GCTimeRatio=4 -XX:AdaptiveSizePolicyWeight=90 -Dsun.zip.disableMemoryMapping=true -Xmx2G -Xms100m -Xlog:disable -javaagent:c:\Users\dubey\.vscode\extensions\redhat.java-1.43.1-win32-x64\lombok\lombok-1.18.39-4050.jar -XX:+HeapDumpOnOutOfMemoryError -XX:HeapDumpPath=c:\Users\dubey\AppData\Roaming\Code\User\workspaceStorage\8af3faa89c0b57f106c2e0ae3751d5a6\redhat.java -Daether.dependencyCollector.impl=bf 
java_command: c:\Users\dubey\.vscode\extensions\redhat.java-1.43.1-win32-x64\server\plugins\org.eclipse.equinox.launcher_1.7.0.v20250519-0528.jar -configuration c:\Users\dubey\AppData\Roaming\Code\User\globalStorage\redhat.java\1.43.1\config_win -data c:\Users\dubey\AppData\Roaming\Code\User\workspaceStorage\8af3faa89c0b57f106c2e0ae3751d5a6\redhat.java\jdt_ws --pipe=\\.\pipe\lsp-be26518670a2f60bb464b7f272021724-sock
java_class_path (initial): c:\Users\dubey\.vscode\extensions\redhat.java-1.43.1-win32-x64\server\plugins\org.eclipse.equinox.launcher_1.7.0.v20250519-0528.jar
Launcher Type: SUN_STANDARD

[Global flags]
    uintx AdaptiveSizePolicyWeight                 = 90                                        {product} {command line}
     intx CICompilerCount                          = 4                                         {product} {ergonomic}
    uintx GCTimeRatio                              = 4                                         {product} {command line}
     bool HeapDumpOnOutOfMemoryError               = true                                   {manageable} {command line}
    ccstr HeapDumpPath                             = c:\Users\dubey\AppData\Roaming\Code\User\workspaceStorage\8af3faa89c0b57f106c2e0ae3751d5a6\redhat.java         {manageable} {command line}
   size_t InitialHeapSize                          = 104857600                                 {product} {command line}
   size_t MaxHeapSize                              = 2147483648                                {product} {command line}
   size_t MaxNewSize                               = 715653120                                 {product} {ergonomic}
   size_t MinHeapDeltaBytes                        = 524288                                    {product} {ergonomic}
   size_t MinHeapSize                              = 104857600                                 {product} {command line}
   size_t NewSize                                  = 34603008                                  {product} {ergonomic}
    uintx NonNMethodCodeHeapSize                   = 5839372                                {pd product} {ergonomic}
    uintx NonProfiledCodeHeapSize                  = 122909434                              {pd product} {ergonomic}
   size_t OldSize                                  = 70254592                                  {product} {ergonomic}
    uintx ProfiledCodeHeapSize                     = 122909434                              {pd product} {ergonomic}
    uintx ReservedCodeCacheSize                    = 251658240                              {pd product} {ergonomic}
     bool SegmentedCodeCache                       = true                                      {product} {ergonomic}
   size_t SoftMaxHeapSize                          = 2147483648                             {manageable} {ergonomic}
     bool UseCompressedOops                        = true                           {product lp64_product} {ergonomic}
     bool UseLargePagesIndividualAllocation        = false                                  {pd product} {ergonomic}
     bool UseParallelGC                            = true                                      {product} {command line}

Logging:
Log output configuration:
 #0: stdout all=off uptime,level,tags foldmultilines=false
 #1: stderr all=off uptime,level,tags foldmultilines=false

Environment Variables:
JAVA_HOME=C:\Program Files\Eclipse Adoptium\jdk-17.0.13.11-hotspot\
PATH=C:\Program Files\Eclipse Adoptium\jdk-17.0.13.11-hotspot\bin;C:\Windows\system32;C:\Windows;C:\Windows\System32\Wbem;C:\Windows\System32\WindowsPowerShell\v1.0\;C:\Windows\System32\OpenSSH\;c:\Users\dubey\AppData\Local\Programs\cursor\resources\app\bin;E:\Git\cmd;C:\Program Files\nodejs\;C:\Program Files\dotnet\;C:\msys64\ucrt64\bin;C:\Program Files\Maven\apache-maven-3.9.10\bin;;C:\Program Files\Docker\Docker\resources\bin;C:\Users\dubey\AppData\Local\Programs\Python\Python313\Scripts\;C:\Users\dubey\AppData\Local\Programs\Python\Python313\;C:\Program Files\MySQL\MySQL Server 8.0\bin;C:\Program Files\adb;C:\Users\dubey\AppData\Local\Microsoft\WindowsApps;C:\Users\dubey\AppData\Local\Programs\Microsoft VS Code\bin;C:\Users\dubey\AppData\Local\Android\Sdk\platform-tools;C:\Users\dubey\AppData\Local\Android\Sdk\tools;C:\Users\dubey\AppData\Local\Android\Sdk\tools\bin;C:\Users\dubey\AppData\Roaming\npm;D:\Fiddler
USERNAME=dubey
OS=Windows_NT
PROCESSOR_IDENTIFIER=Intel64 Family 6 Model 154 Stepping 4, GenuineIntel
TMP=C:\Users\dubey\AppData\Local\Temp
TEMP=C:\Users\dubey\AppData\Local\Temp




Periodic native trim disabled

---------------  S Y S T E M  ---------------

OS:
 Windows 11 , 64 bit Build 26100 (10.0.26100.4484)
OS uptime: 0 days 5:35 hours
Hyper-V role detected

CPU: total 12 (initial active 12) (6 cores per cpu, 2 threads per core) family 6 model 154 stepping 4 microcode 0x432, cx8, cmov, fxsr, ht, mmx, 3dnowpref, sse, sse2, sse3, ssse3, sse4.1, sse4.2, popcnt, lzcnt, tsc, tscinvbit, avx, avx2, aes, erms, clmul, bmi1, bmi2, adx, sha, fma, vzeroupper, clflush, clflushopt, clwb, hv, serialize, rdtscp, rdpid, fsrm, f16c, cet_ibt, cet_ss
Processor Information for processor 0
  Max Mhz: 1300, Current Mhz: 1300, Mhz Limit: 1300
Processor Information for processor 1
  Max Mhz: 1300, Current Mhz: 1300, Mhz Limit: 1300
Processor Information for processor 2
  Max Mhz: 1300, Current Mhz: 1300, Mhz Limit: 1300
Processor Information for processor 3
  Max Mhz: 1300, Current Mhz: 1300, Mhz Limit: 1300
Processor Information for processor 4
  Max Mhz: 1300, Current Mhz: 900, Mhz Limit: 897
Processor Information for processor 5
  Max Mhz: 1300, Current Mhz: 900, Mhz Limit: 897
Processor Information for processor 6
  Max Mhz: 1300, Current Mhz: 900, Mhz Limit: 897
Processor Information for processor 7
  Max Mhz: 1300, Current Mhz: 900, Mhz Limit: 897
Processor Information for processor 8
  Max Mhz: 1300, Current Mhz: 900, Mhz Limit: 897
Processor Information for processor 9
  Max Mhz: 1300, Current Mhz: 900, Mhz Limit: 897
Processor Information for processor 10
  Max Mhz: 1300, Current Mhz: 900, Mhz Limit: 897
Processor Information for processor 11
  Max Mhz: 1300, Current Mhz: 900, Mhz Limit: 897

Memory: 4k page, system-wide physical 7863M (540M free)
TotalPageFile size 31193M (AvailPageFile size 3M)
current process WorkingSet (physical memory assigned to process): 1017M, peak: 1017M
current process commit charge ("private bytes"): 1016M, peak: 1017M

vm_info: OpenJDK 64-Bit Server VM (21.0.7+6-LTS) for windows-amd64 JRE (21.0.7+6-LTS), built on 2025-04-15T00:00:00Z by "admin" with MS VC++ 17.7 (VS2022)

END.
